\BOOKMARK [0][-]{chapter.1}{\376\377\000I\000n\000t\000r\000o\000d\000u\000c\000c\000i\000\363\000n}{}% 1
\BOOKMARK [0][-]{chapter.2}{\376\377\000A\000n\000\303\000\241\000l\000i\000s\000i\000s\000\040\000E\000s\000t\000a\000d\000i\000s\000t\000i\000c\000o\000\040\000y\000\040\000P\000r\000o\000c\000e\000s\000a\000m\000i\000e\000n\000t\000o\000\040\000d\000e\000\040\000I\000m\000a\000g\000e\000n\000e\000s\000\040}{}% 2
\BOOKMARK [1][-]{section.2.1}{\376\377\000D\000e\000f\000i\000n\000i\000c\000i\000o\000n\000e\000s\000\040\000p\000r\000e\000v\000i\000a\000s}{chapter.2}% 3
\BOOKMARK [0][-]{chapter.3}{\376\377\000C\000o\000f\000i\000c\000i\000e\000n\000t\000e\000s\000\040\000p\000a\000r\000a\000\040\000l\000a\000\040\000c\000o\000m\000p\000a\000r\000a\000c\000i\000\363\000n\000\040\000e\000n\000t\000r\000e\000\040\000d\000o\000s\000\040\000i\000m\000a\000g\000e\000n\000e\000s}{}% 4
\BOOKMARK [1][-]{section.3.1}{}{chapter.3}% 5
\BOOKMARK [2][-]{subsection.3.1.1}{\376\377\000D\000i\000s\000c\000u\000c\000i\000o\000n\000\040\000s\000o\000b\000r\000e\000\040\000e\000l\000\040\000c\000o\000e\000f\000.}{section.3.1}% 6
\BOOKMARK [1][-]{section.3.2}{\376\377\000D\000e\000f\000i\000n\000i\000c\000i\000o\000n\000e\000s}{chapter.3}% 7
\BOOKMARK [1][-]{section.3.3}{}{chapter.3}% 8
\BOOKMARK [2][-]{subsection.3.3.1}{\376\377\000D\000i\000s\000c\000u\000c\000i\000o\000n\000\040\000s\000o\000b\000r\000e\000\040\000e\000l\000\040\000c\000o\000e\000f\000.}{section.3.3}% 9
\BOOKMARK [1][-]{section.3.4}{\376\377\000D\000e\000f\000i\000n\000i\000c\000i\000o\000n\000e\000s}{chapter.3}% 10
\BOOKMARK [1][-]{section.3.5}{}{chapter.3}% 11
\BOOKMARK [2][-]{subsection.3.5.1}{\376\377\000D\000i\000s\000c\000u\000c\000i\000o\000n\000\040\000s\000o\000b\000r\000e\000\040\000e\000l\000\040\000c\000o\000e\000f\000.}{section.3.5}% 12
\BOOKMARK [2][-]{subsection.3.5.2}{\376\377\000D\000e\000f\000i\000n\000i\000c\000i\000o\000n\000e\000s}{section.3.5}% 13
\BOOKMARK [1][-]{section.3.6}{}{chapter.3}% 14
\BOOKMARK [2][-]{subsection.3.6.1}{\376\377\000D\000i\000s\000c\000u\000c\000i\000o\000n\000\040\000s\000o\000b\000r\000e\000\040\000e\000l\000\040\000c\000o\000e\000f\000.}{section.3.6}% 15
\BOOKMARK [2][-]{subsection.3.6.2}{\376\377\000D\000e\000f\000i\000n\000i\000c\000i\000o\000n\000e\000s}{section.3.6}% 16
\BOOKMARK [0][-]{chapter.4}{\376\377\000L\000a\000\040\000t\000r\000a\000n\000s\000f\000o\000r\000m\000a\000c\000i\000\363\000n\000\040\000d\000e\000\040\000B\000o\000x\000\040\000y\000\040\000C\000o\000x}{}% 17
\BOOKMARK [1][-]{section.4.1}{}{chapter.4}% 18
\BOOKMARK [0][-]{chapter.5}{\376\377\000C\000o\000m\000p\000r\000a\000r\000a\000n\000d\000o\000\040\000u\000n\000a\000\040\000I\000m\000g\000a\000e\000n\000\040\000c\000o\000n\000\040\000s\000u\000\040\000t\000r\000a\000n\000f\000o\000r\000m\000a\000d\000a}{}% 19
\BOOKMARK [0][-]{chapter.6}{\376\377\000C\000o\000n\000s\000i\000d\000e\000r\000a\000c\000i\000o\000n\000e\000s\000\040\000F\000i\000n\000a\000l\000e\000s}{}% 20
\BOOKMARK [0][-]{appendix.Alph1}{\376\377\000D\000e\000m\000o\000s\000t\000r\000a\000c\000i\000o\000n\000e\000s}{}% 21
